<?xml version="1.0" encoding="UTF-8"?>
<!-- Generated by org.testng.reporters.JUnitXMLReporter -->
<testsuite hostname="LAPTOP-ANCRG3Q6" ignored="12" name="Test-firefox" tests="7" failures="0" timestamp="2021-10-10T17:52:00 IST" time="117.061" errors="0">
  <testcase name="createlead" time="9.4" classname="pomtestscript.TC_01"/>
  <testcase name="createlead" time="9.33" classname="pomtestscript.TC_02"/>
  <testcase name="createlead" time="9.212" classname="pomtestscript.TC_03"/>
  <testcase name="createlead" time="9.389" classname="pomtestscript.TC_04"/>
  <testcase name="createlead" time="8.979" classname="pomtestscript.TC_05"/>
  <testcase name="createLead" time="9.068" classname="pomtestscript.TestNgExmple"/>
  <testcase name="createlead" time="9.254" classname="pomtestscript.TC_06"/>
  <testcase name="@BeforeSuite connectDB" time="0.0" classname="com.Vtiger.GenericsUtils.BaseClassUtility">
    <ignored/>
  </testcase> <!-- @BeforeSuite connectDB -->
  <testcase name="@BeforeSuite connectDB" time="0.0" classname="com.Vtiger.GenericsUtils.BaseClassUtility">
    <ignored/>
  </testcase> <!-- @BeforeSuite connectDB -->
  <testcase name="@BeforeSuite connectDB" time="0.0" classname="com.Vtiger.GenericsUtils.BaseClassUtility">
    <ignored/>
  </testcase> <!-- @BeforeSuite connectDB -->
  <testcase name="@BeforeSuite connectDB" time="0.0" classname="com.Vtiger.GenericsUtils.BaseClassUtility">
    <ignored/>
  </testcase> <!-- @BeforeSuite connectDB -->
  <testcase name="@BeforeSuite connectDB" time="0.0" classname="com.Vtiger.GenericsUtils.BaseClassUtility">
    <ignored/>
  </testcase> <!-- @BeforeSuite connectDB -->
  <testcase name="@BeforeSuite connectDB" time="0.0" classname="com.Vtiger.GenericsUtils.BaseClassUtility">
    <ignored/>
  </testcase> <!-- @BeforeSuite connectDB -->
  <testcase name="@AfterSuite closedDb" time="0.0" classname="com.Vtiger.GenericsUtils.BaseClassUtility">
    <ignored/>
  </testcase> <!-- @AfterSuite closedDb -->
  <testcase name="@AfterSuite closedDb" time="0.0" classname="com.Vtiger.GenericsUtils.BaseClassUtility">
    <ignored/>
  </testcase> <!-- @AfterSuite closedDb -->
  <testcase name="@AfterSuite closedDb" time="0.0" classname="com.Vtiger.GenericsUtils.BaseClassUtility">
    <ignored/>
  </testcase> <!-- @AfterSuite closedDb -->
  <testcase name="@AfterSuite closedDb" time="0.0" classname="com.Vtiger.GenericsUtils.BaseClassUtility">
    <ignored/>
  </testcase> <!-- @AfterSuite closedDb -->
  <testcase name="@AfterSuite closedDb" time="0.0" classname="com.Vtiger.GenericsUtils.BaseClassUtility">
    <ignored/>
  </testcase> <!-- @AfterSuite closedDb -->
  <testcase name="@AfterSuite closedDb" time="0.0" classname="com.Vtiger.GenericsUtils.BaseClassUtility">
    <ignored/>
  </testcase> <!-- @AfterSuite closedDb -->
</testsuite> <!-- Test-firefox -->
