<?xml version="1.0" encoding="UTF-8"?>
<!-- Generated by org.testng.reporters.JUnitXMLReporter -->
<testsuite hostname="LAPTOP-ANCRG3Q6" ignored="12" name="Test-chrome" tests="7" failures="0" timestamp="2021-10-10T17:55:04 IST" time="0.158" errors="0">
  <testcase name="@BeforeClass launchBrowser" time="0.01" classname="com.Vtiger.GenericsUtils.BaseClassUtility">
    <failure type="java.lang.NullPointerException">
      <![CDATA[java.lang.NullPointerException
at com.Vtiger.GenericsUtils.BaseClassUtility.launchBrowser(BaseClassUtility.java:74)
at java.util.ArrayList.forEach(Unknown Source)
at java.util.concurrent.FutureTask.run(Unknown Source)
at java.util.concurrent.ThreadPoolExecutor.runWorker(Unknown Source)
at java.util.concurrent.ThreadPoolExecutor$Worker.run(Unknown Source)
at java.lang.Thread.run(Unknown Source)
... Removed 16 stack frames]]>
    </failure>
  </testcase> <!-- @BeforeClass launchBrowser -->
  <testcase name="@BeforeMethod loginToApp" time="-1.633868704113E9" classname="com.Vtiger.GenericsUtils.BaseClassUtility">
    <skipped/>
  </testcase> <!-- @BeforeMethod loginToApp -->
  <testcase name="@AfterMethod logoutOfApp" time="-1.633868704118E9" classname="com.Vtiger.GenericsUtils.BaseClassUtility">
    <skipped/>
  </testcase> <!-- @AfterMethod logoutOfApp -->
  <testcase name="@AfterClass closeBrowser" time="-1.63386870412E9" classname="com.Vtiger.GenericsUtils.BaseClassUtility">
    <skipped/>
  </testcase> <!-- @AfterClass closeBrowser -->
  <testcase name="@BeforeClass launchBrowser" time="0.001" classname="com.Vtiger.GenericsUtils.BaseClassUtility">
    <failure type="java.lang.NullPointerException">
      <![CDATA[java.lang.NullPointerException
at com.Vtiger.GenericsUtils.BaseClassUtility.launchBrowser(BaseClassUtility.java:74)
at java.util.ArrayList.forEach(Unknown Source)
at java.util.concurrent.FutureTask.run(Unknown Source)
at java.util.concurrent.ThreadPoolExecutor.runWorker(Unknown Source)
at java.util.concurrent.ThreadPoolExecutor$Worker.run(Unknown Source)
at java.lang.Thread.run(Unknown Source)
... Removed 16 stack frames]]>
    </failure>
  </testcase> <!-- @BeforeClass launchBrowser -->
  <testcase name="@BeforeMethod loginToApp" time="-1.633868704125E9" classname="com.Vtiger.GenericsUtils.BaseClassUtility">
    <skipped/>
  </testcase> <!-- @BeforeMethod loginToApp -->
  <testcase name="@AfterMethod logoutOfApp" time="-1.63386870413E9" classname="com.Vtiger.GenericsUtils.BaseClassUtility">
    <skipped/>
  </testcase> <!-- @AfterMethod logoutOfApp -->
  <testcase name="@AfterClass closeBrowser" time="-1.633868704132E9" classname="com.Vtiger.GenericsUtils.BaseClassUtility">
    <skipped/>
  </testcase> <!-- @AfterClass closeBrowser -->
  <testcase name="@BeforeClass launchBrowser" time="0.0" classname="com.Vtiger.GenericsUtils.BaseClassUtility">
    <failure type="java.lang.NullPointerException">
      <![CDATA[java.lang.NullPointerException
at com.Vtiger.GenericsUtils.BaseClassUtility.launchBrowser(BaseClassUtility.java:74)
at java.util.ArrayList.forEach(Unknown Source)
at java.util.concurrent.FutureTask.run(Unknown Source)
at java.util.concurrent.ThreadPoolExecutor.runWorker(Unknown Source)
at java.util.concurrent.ThreadPoolExecutor$Worker.run(Unknown Source)
at java.lang.Thread.run(Unknown Source)
... Removed 16 stack frames]]>
    </failure>
  </testcase> <!-- @BeforeClass launchBrowser -->
  <testcase name="@BeforeMethod loginToApp" time="-1.633868704138E9" classname="com.Vtiger.GenericsUtils.BaseClassUtility">
    <skipped/>
  </testcase> <!-- @BeforeMethod loginToApp -->
  <testcase name="@AfterMethod logoutOfApp" time="-1.633868704144E9" classname="com.Vtiger.GenericsUtils.BaseClassUtility">
    <skipped/>
  </testcase> <!-- @AfterMethod logoutOfApp -->
  <testcase name="@AfterClass closeBrowser" time="-1.633868704145E9" classname="com.Vtiger.GenericsUtils.BaseClassUtility">
    <skipped/>
  </testcase> <!-- @AfterClass closeBrowser -->
  <testcase name="@BeforeClass launchBrowser" time="0.002" classname="com.Vtiger.GenericsUtils.BaseClassUtility">
    <failure type="java.lang.NullPointerException">
      <![CDATA[java.lang.NullPointerException
at com.Vtiger.GenericsUtils.BaseClassUtility.launchBrowser(BaseClassUtility.java:74)
at java.util.ArrayList.forEach(Unknown Source)
at java.util.concurrent.FutureTask.run(Unknown Source)
at java.util.concurrent.ThreadPoolExecutor.runWorker(Unknown Source)
at java.util.concurrent.ThreadPoolExecutor$Worker.run(Unknown Source)
at java.lang.Thread.run(Unknown Source)
... Removed 16 stack frames]]>
    </failure>
  </testcase> <!-- @BeforeClass launchBrowser -->
  <testcase name="@BeforeMethod loginToApp" time="-1.63386870415E9" classname="com.Vtiger.GenericsUtils.BaseClassUtility">
    <skipped/>
  </testcase> <!-- @BeforeMethod loginToApp -->
  <testcase name="@AfterMethod logoutOfApp" time="-1.633868704157E9" classname="com.Vtiger.GenericsUtils.BaseClassUtility">
    <skipped/>
  </testcase> <!-- @AfterMethod logoutOfApp -->
  <testcase name="@AfterClass closeBrowser" time="-1.633868704161E9" classname="com.Vtiger.GenericsUtils.BaseClassUtility">
    <skipped/>
  </testcase> <!-- @AfterClass closeBrowser -->
  <testcase name="@BeforeClass launchBrowser" time="0.001" classname="com.Vtiger.GenericsUtils.BaseClassUtility">
    <failure type="java.lang.NullPointerException">
      <![CDATA[java.lang.NullPointerException
at com.Vtiger.GenericsUtils.BaseClassUtility.launchBrowser(BaseClassUtility.java:74)
at java.util.ArrayList.forEach(Unknown Source)
at java.util.concurrent.FutureTask.run(Unknown Source)
at java.util.concurrent.ThreadPoolExecutor.runWorker(Unknown Source)
at java.util.concurrent.ThreadPoolExecutor$Worker.run(Unknown Source)
at java.lang.Thread.run(Unknown Source)
... Removed 16 stack frames]]>
    </failure>
  </testcase> <!-- @BeforeClass launchBrowser -->
  <testcase name="@BeforeMethod loginToApp" time="-1.633868704164E9" classname="com.Vtiger.GenericsUtils.BaseClassUtility">
    <skipped/>
  </testcase> <!-- @BeforeMethod loginToApp -->
  <testcase name="@AfterMethod logoutOfApp" time="-1.633868704169E9" classname="com.Vtiger.GenericsUtils.BaseClassUtility">
    <skipped/>
  </testcase> <!-- @AfterMethod logoutOfApp -->
  <testcase name="@AfterClass closeBrowser" time="-1.63386870417E9" classname="com.Vtiger.GenericsUtils.BaseClassUtility">
    <skipped/>
  </testcase> <!-- @AfterClass closeBrowser -->
  <testcase name="@BeforeClass launchBrowser" time="0.008" classname="com.Vtiger.GenericsUtils.BaseClassUtility">
    <failure type="java.lang.NullPointerException">
      <![CDATA[java.lang.NullPointerException
at com.Vtiger.GenericsUtils.BaseClassUtility.launchBrowser(BaseClassUtility.java:74)
at java.util.ArrayList.forEach(Unknown Source)
at java.util.concurrent.FutureTask.run(Unknown Source)
at java.util.concurrent.ThreadPoolExecutor.runWorker(Unknown Source)
at java.util.concurrent.ThreadPoolExecutor$Worker.run(Unknown Source)
at java.lang.Thread.run(Unknown Source)
... Removed 16 stack frames]]>
    </failure>
  </testcase> <!-- @BeforeClass launchBrowser -->
  <testcase name="@BeforeMethod loginToApp" time="-1.633868704182E9" classname="com.Vtiger.GenericsUtils.BaseClassUtility">
    <skipped/>
  </testcase> <!-- @BeforeMethod loginToApp -->
  <testcase name="@AfterMethod logoutOfApp" time="-1.633868704192E9" classname="com.Vtiger.GenericsUtils.BaseClassUtility">
    <skipped/>
  </testcase> <!-- @AfterMethod logoutOfApp -->
  <testcase name="@AfterClass closeBrowser" time="-1.633868704204E9" classname="com.Vtiger.GenericsUtils.BaseClassUtility">
    <skipped/>
  </testcase> <!-- @AfterClass closeBrowser -->
  <testcase name="@BeforeClass launchBrowser" time="0.002" classname="com.Vtiger.GenericsUtils.BaseClassUtility">
    <failure type="java.lang.NullPointerException">
      <![CDATA[java.lang.NullPointerException
at com.Vtiger.GenericsUtils.BaseClassUtility.launchBrowser(BaseClassUtility.java:74)
at java.util.ArrayList.forEach(Unknown Source)
at java.util.concurrent.FutureTask.run(Unknown Source)
at java.util.concurrent.ThreadPoolExecutor.runWorker(Unknown Source)
at java.util.concurrent.ThreadPoolExecutor$Worker.run(Unknown Source)
at java.lang.Thread.run(Unknown Source)
... Removed 16 stack frames]]>
    </failure>
  </testcase> <!-- @BeforeClass launchBrowser -->
  <testcase name="@BeforeMethod loginToApp" time="-1.633868704217E9" classname="com.Vtiger.GenericsUtils.BaseClassUtility">
    <skipped/>
  </testcase> <!-- @BeforeMethod loginToApp -->
  <testcase name="@AfterMethod logoutOfApp" time="-1.633868704226E9" classname="com.Vtiger.GenericsUtils.BaseClassUtility">
    <skipped/>
  </testcase> <!-- @AfterMethod logoutOfApp -->
  <testcase name="@AfterClass closeBrowser" time="-1.633868704228E9" classname="com.Vtiger.GenericsUtils.BaseClassUtility">
    <skipped/>
  </testcase> <!-- @AfterClass closeBrowser -->
  <testcase name="createlead" time="0.0" classname="pomtestscript.TC_01">
    <skipped/>
  </testcase> <!-- createlead -->
  <testcase name="createlead" time="0.0" classname="pomtestscript.TC_02">
    <skipped/>
  </testcase> <!-- createlead -->
  <testcase name="createlead" time="0.0" classname="pomtestscript.TC_03">
    <skipped/>
  </testcase> <!-- createlead -->
  <testcase name="createlead" time="0.0" classname="pomtestscript.TC_04">
    <skipped/>
  </testcase> <!-- createlead -->
  <testcase name="createlead" time="0.0" classname="pomtestscript.TC_05">
    <skipped/>
  </testcase> <!-- createlead -->
  <testcase name="createLead" time="0.0" classname="pomtestscript.TestNgExmple">
    <skipped/>
  </testcase> <!-- createLead -->
  <testcase name="createlead" time="0.0" classname="pomtestscript.TC_06">
    <skipped/>
  </testcase> <!-- createlead -->
  <testcase name="@BeforeSuite connectDB" time="0.0" classname="com.Vtiger.GenericsUtils.BaseClassUtility">
    <ignored/>
  </testcase> <!-- @BeforeSuite connectDB -->
  <testcase name="@BeforeSuite connectDB" time="0.0" classname="com.Vtiger.GenericsUtils.BaseClassUtility">
    <ignored/>
  </testcase> <!-- @BeforeSuite connectDB -->
  <testcase name="@BeforeSuite connectDB" time="0.0" classname="com.Vtiger.GenericsUtils.BaseClassUtility">
    <ignored/>
  </testcase> <!-- @BeforeSuite connectDB -->
  <testcase name="@BeforeSuite connectDB" time="0.0" classname="com.Vtiger.GenericsUtils.BaseClassUtility">
    <ignored/>
  </testcase> <!-- @BeforeSuite connectDB -->
  <testcase name="@BeforeSuite connectDB" time="0.0" classname="com.Vtiger.GenericsUtils.BaseClassUtility">
    <ignored/>
  </testcase> <!-- @BeforeSuite connectDB -->
  <testcase name="@BeforeSuite connectDB" time="0.0" classname="com.Vtiger.GenericsUtils.BaseClassUtility">
    <ignored/>
  </testcase> <!-- @BeforeSuite connectDB -->
  <testcase name="@AfterSuite closedDb" time="0.0" classname="com.Vtiger.GenericsUtils.BaseClassUtility">
    <ignored/>
  </testcase> <!-- @AfterSuite closedDb -->
  <testcase name="@AfterSuite closedDb" time="0.0" classname="com.Vtiger.GenericsUtils.BaseClassUtility">
    <ignored/>
  </testcase> <!-- @AfterSuite closedDb -->
  <testcase name="@AfterSuite closedDb" time="0.0" classname="com.Vtiger.GenericsUtils.BaseClassUtility">
    <ignored/>
  </testcase> <!-- @AfterSuite closedDb -->
  <testcase name="@AfterSuite closedDb" time="0.0" classname="com.Vtiger.GenericsUtils.BaseClassUtility">
    <ignored/>
  </testcase> <!-- @AfterSuite closedDb -->
  <testcase name="@AfterSuite closedDb" time="0.0" classname="com.Vtiger.GenericsUtils.BaseClassUtility">
    <ignored/>
  </testcase> <!-- @AfterSuite closedDb -->
  <testcase name="@AfterSuite closedDb" time="0.0" classname="com.Vtiger.GenericsUtils.BaseClassUtility">
    <ignored/>
  </testcase> <!-- @AfterSuite closedDb -->
</testsuite> <!-- Test-chrome -->
