<?xml version="1.0" encoding="UTF-8"?>
<!-- Generated by org.testng.reporters.JUnitReportReporter -->
<testsuite skipped="0" hostname="LAPTOP-ANCRG3Q6" name="testscript.TC_02OrganizationPage" tests="1" failures="0" timestamp="2021-10-06T21:19:02 IST" time="23.427" errors="0">
  <testcase name="createOrganizationAndContact" time="23.427" classname="testscript.TC_02OrganizationPage"/>
  <system-out/>
</testsuite> <!-- testscript.TC_02OrganizationPage -->
